<?xml version="1.0" encoding="UTF-8"?>
<testsuite xmlns:xsi="http://www.w3.org/2001/XMLSchema-instance" xsi:noNamespaceSchemaLocation="https://maven.apache.org/surefire/maven-surefire-plugin/xsd/surefire-test-report-3.0.xsd" version="3.0" name="ru.legeu.dailybet.utils.ParseDataTest" time="0.045" tests="1" errors="0" skipped="0" failures="0">
  <properties>
    <property name="java.specification.version" value="17"/>
    <property name="sun.cpu.isalist" value="amd64"/>
    <property name="sun.jnu.encoding" value="Cp1252"/>
    <property name="java.class.path" value="C:\Users\nikit\IdeaProjects\DailyBet\target\test-classes;C:\Users\nikit\IdeaProjects\DailyBet\target\classes;C:\Users\nikit\.m2\repository\io\papermc\paper\paper-api\1.20.4-R0.1-SNAPSHOT\paper-api-1.20.4-R0.1-SNAPSHOT.jar;C:\Users\nikit\.m2\repository\com\google\guava\guava\32.1.2-jre\guava-32.1.2-jre.jar;C:\Users\nikit\.m2\repository\com\google\guava\failureaccess\1.0.1\failureaccess-1.0.1.jar;C:\Users\nikit\.m2\repository\com\google\guava\listenablefuture\9999.0-empty-to-avoid-conflict-with-guava\listenablefuture-9999.0-empty-to-avoid-conflict-with-guava.jar;C:\Users\nikit\.m2\repository\com\google\code\findbugs\jsr305\3.0.2\jsr305-3.0.2.jar;C:\Users\nikit\.m2\repository\com\google\errorprone\error_prone_annotations\2.18.0\error_prone_annotations-2.18.0.jar;C:\Users\nikit\.m2\repository\com\google\j2objc\j2objc-annotations\2.8\j2objc-annotations-2.8.jar;C:\Users\nikit\.m2\repository\com\google\code\gson\gson\2.10.1\gson-2.10.1.jar;C:\Users\nikit\.m2\repository\net\md-5\bungeecord-chat\1.20-R0.2-deprecated+build.18\bungeecord-chat-1.20-R0.2-deprecated+build.18.jar;C:\Users\nikit\.m2\repository\org\yaml\snakeyaml\2.2\snakeyaml-2.2.jar;C:\Users\nikit\.m2\repository\org\joml\joml\1.10.5\joml-1.10.5.jar;C:\Users\nikit\.m2\repository\com\googlecode\json-simple\json-simple\1.1.1\json-simple-1.1.1.jar;C:\Users\nikit\.m2\repository\it\unimi\dsi\fastutil\8.5.6\fastutil-8.5.6.jar;C:\Users\nikit\.m2\repository\org\apache\logging\log4j\log4j-api\2.17.1\log4j-api-2.17.1.jar;C:\Users\nikit\.m2\repository\org\slf4j\slf4j-api\2.0.9\slf4j-api-2.0.9.jar;C:\Users\nikit\.m2\repository\org\apache\maven\maven-resolver-provider\3.9.6\maven-resolver-provider-3.9.6.jar;C:\Users\nikit\.m2\repository\org\apache\maven\maven-model\3.9.6\maven-model-3.9.6.jar;C:\Users\nikit\.m2\repository\org\apache\maven\maven-model-builder\3.9.6\maven-model-builder-3.9.6.jar;C:\Users\nikit\.m2\repository\org\codehaus\plexus\plexus-interpolation\1.26\plexus-interpolation-1.26.jar;C:\Users\nikit\.m2\repository\org\apache\maven\maven-artifact\3.9.6\maven-artifact-3.9.6.jar;C:\Users\nikit\.m2\repository\org\apache\commons\commons-lang3\3.12.0\commons-lang3-3.12.0.jar;C:\Users\nikit\.m2\repository\org\apache\maven\maven-builder-support\3.9.6\maven-builder-support-3.9.6.jar;C:\Users\nikit\.m2\repository\org\eclipse\sisu\org.eclipse.sisu.inject\0.9.0.M2\org.eclipse.sisu.inject-0.9.0.M2.jar;C:\Users\nikit\.m2\repository\org\apache\maven\maven-repository-metadata\3.9.6\maven-repository-metadata-3.9.6.jar;C:\Users\nikit\.m2\repository\org\apache\maven\resolver\maven-resolver-api\1.9.18\maven-resolver-api-1.9.18.jar;C:\Users\nikit\.m2\repository\org\apache\maven\resolver\maven-resolver-spi\1.9.18\maven-resolver-spi-1.9.18.jar;C:\Users\nikit\.m2\repository\org\apache\maven\resolver\maven-resolver-util\1.9.18\maven-resolver-util-1.9.18.jar;C:\Users\nikit\.m2\repository\org\apache\maven\resolver\maven-resolver-impl\1.9.18\maven-resolver-impl-1.9.18.jar;C:\Users\nikit\.m2\repository\org\apache\maven\resolver\maven-resolver-named-locks\1.9.18\maven-resolver-named-locks-1.9.18.jar;C:\Users\nikit\.m2\repository\org\codehaus\plexus\plexus-utils\3.5.1\plexus-utils-3.5.1.jar;C:\Users\nikit\.m2\repository\javax\inject\javax.inject\1\javax.inject-1.jar;C:\Users\nikit\.m2\repository\net\kyori\adventure-api\4.16.0\adventure-api-4.16.0.jar;C:\Users\nikit\.m2\repository\net\kyori\adventure-key\4.16.0\adventure-key-4.16.0.jar;C:\Users\nikit\.m2\repository\net\kyori\examination-api\1.3.0\examination-api-1.3.0.jar;C:\Users\nikit\.m2\repository\net\kyori\examination-string\1.3.0\examination-string-1.3.0.jar;C:\Users\nikit\.m2\repository\net\kyori\adventure-text-minimessage\4.16.0\adventure-text-minimessage-4.16.0.jar;C:\Users\nikit\.m2\repository\net\kyori\adventure-text-serializer-gson\4.16.0\adventure-text-serializer-gson-4.16.0.jar;C:\Users\nikit\.m2\repository\net\kyori\adventure-text-serializer-json\4.16.0\adventure-text-serializer-json-4.16.0.jar;C:\Users\nikit\.m2\repository\net\kyori\option\1.0.0\option-1.0.0.jar;C:\Users\nikit\.m2\repository\net\kyori\adventure-text-serializer-legacy\4.16.0\adventure-text-serializer-legacy-4.16.0.jar;C:\Users\nikit\.m2\repository\net\kyori\adventure-text-serializer-plain\4.16.0\adventure-text-serializer-plain-4.16.0.jar;C:\Users\nikit\.m2\repository\net\kyori\adventure-text-logger-slf4j\4.16.0\adventure-text-logger-slf4j-4.16.0.jar;C:\Users\nikit\.m2\repository\org\checkerframework\checker-qual\3.33.0\checker-qual-3.33.0.jar;C:\Users\nikit\.m2\repository\org\ow2\asm\asm\9.7\asm-9.7.jar;C:\Users\nikit\.m2\repository\org\ow2\asm\asm-commons\9.7\asm-commons-9.7.jar;C:\Users\nikit\.m2\repository\org\ow2\asm\asm-tree\9.7\asm-tree-9.7.jar;C:\Users\nikit\.m2\repository\com\github\MilkBowl\VaultAPI\1.7\VaultAPI-1.7.jar;C:\Users\nikit\.m2\repository\org\bukkit\bukkit\1.13.1-R0.1-SNAPSHOT\bukkit-1.13.1-R0.1-SNAPSHOT.jar;C:\Users\nikit\.m2\repository\commons-lang\commons-lang\2.6\commons-lang-2.6.jar;C:\Users\nikit\IdeaProjects\DailyBet\lib\CoinsEngine-2.3.3.jar;C:\Users\nikit\IdeaProjects\DailyBet\lib\nightcore-2.5.2.jar;C:\Users\nikit\.m2\repository\org\projectlombok\lombok\1.18.32\lombok-1.18.32.jar;C:\Users\nikit\.m2\repository\org\jetbrains\annotations\24.1.0\annotations-24.1.0.jar;C:\Users\nikit\.m2\repository\org\junit\jupiter\junit-jupiter\5.10.1\junit-jupiter-5.10.1.jar;C:\Users\nikit\.m2\repository\org\junit\jupiter\junit-jupiter-api\5.10.1\junit-jupiter-api-5.10.1.jar;C:\Users\nikit\.m2\repository\org\opentest4j\opentest4j\1.3.0\opentest4j-1.3.0.jar;C:\Users\nikit\.m2\repository\org\junit\platform\junit-platform-commons\1.10.1\junit-platform-commons-1.10.1.jar;C:\Users\nikit\.m2\repository\org\apiguardian\apiguardian-api\1.1.2\apiguardian-api-1.1.2.jar;C:\Users\nikit\.m2\repository\org\junit\jupiter\junit-jupiter-params\5.10.1\junit-jupiter-params-5.10.1.jar;C:\Users\nikit\.m2\repository\org\junit\jupiter\junit-jupiter-engine\5.10.1\junit-jupiter-engine-5.10.1.jar;C:\Users\nikit\.m2\repository\org\junit\platform\junit-platform-engine\1.10.1\junit-platform-engine-1.10.1.jar;C:\Users\nikit\.m2\repository\junit\junit\4.10\junit-4.10.jar;C:\Users\nikit\.m2\repository\org\hamcrest\hamcrest-core\1.1\hamcrest-core-1.1.jar;"/>
    <property name="java.vm.vendor" value="Amazon.com Inc."/>
    <property name="sun.arch.data.model" value="64"/>
    <property name="user.variant" value=""/>
    <property name="java.vendor.url" value="https://aws.amazon.com/corretto/"/>
    <property name="user.timezone" value="Europe/Moscow"/>
    <property name="user.country.format" value="RU"/>
    <property name="os.name" value="Windows 11"/>
    <property name="java.vm.specification.version" value="17"/>
    <property name="sun.java.launcher" value="SUN_STANDARD"/>
    <property name="user.country" value="US"/>
    <property name="sun.boot.library.path" value="C:\Users\nikit\.jdks\corretto-17.0.10\bin"/>
    <property name="sun.java.command" value="C:\Users\nikit\AppData\Local\Temp\surefire14365113845742280395\surefirebooter-20240412185220125_3.jar C:\Users\nikit\AppData\Local\Temp\surefire14365113845742280395 2024-04-12T18-52-19_981-jvmRun1 surefire-20240412185220125_1tmp surefire_0-20240412185220125_2tmp"/>
    <property name="jdk.debug" value="release"/>
    <property name="surefire.test.class.path" value="C:\Users\nikit\IdeaProjects\DailyBet\target\test-classes;C:\Users\nikit\IdeaProjects\DailyBet\target\classes;C:\Users\nikit\.m2\repository\io\papermc\paper\paper-api\1.20.4-R0.1-SNAPSHOT\paper-api-1.20.4-R0.1-SNAPSHOT.jar;C:\Users\nikit\.m2\repository\com\google\guava\guava\32.1.2-jre\guava-32.1.2-jre.jar;C:\Users\nikit\.m2\repository\com\google\guava\failureaccess\1.0.1\failureaccess-1.0.1.jar;C:\Users\nikit\.m2\repository\com\google\guava\listenablefuture\9999.0-empty-to-avoid-conflict-with-guava\listenablefuture-9999.0-empty-to-avoid-conflict-with-guava.jar;C:\Users\nikit\.m2\repository\com\google\code\findbugs\jsr305\3.0.2\jsr305-3.0.2.jar;C:\Users\nikit\.m2\repository\com\google\errorprone\error_prone_annotations\2.18.0\error_prone_annotations-2.18.0.jar;C:\Users\nikit\.m2\repository\com\google\j2objc\j2objc-annotations\2.8\j2objc-annotations-2.8.jar;C:\Users\nikit\.m2\repository\com\google\code\gson\gson\2.10.1\gson-2.10.1.jar;C:\Users\nikit\.m2\repository\net\md-5\bungeecord-chat\1.20-R0.2-deprecated+build.18\bungeecord-chat-1.20-R0.2-deprecated+build.18.jar;C:\Users\nikit\.m2\repository\org\yaml\snakeyaml\2.2\snakeyaml-2.2.jar;C:\Users\nikit\.m2\repository\org\joml\joml\1.10.5\joml-1.10.5.jar;C:\Users\nikit\.m2\repository\com\googlecode\json-simple\json-simple\1.1.1\json-simple-1.1.1.jar;C:\Users\nikit\.m2\repository\it\unimi\dsi\fastutil\8.5.6\fastutil-8.5.6.jar;C:\Users\nikit\.m2\repository\org\apache\logging\log4j\log4j-api\2.17.1\log4j-api-2.17.1.jar;C:\Users\nikit\.m2\repository\org\slf4j\slf4j-api\2.0.9\slf4j-api-2.0.9.jar;C:\Users\nikit\.m2\repository\org\apache\maven\maven-resolver-provider\3.9.6\maven-resolver-provider-3.9.6.jar;C:\Users\nikit\.m2\repository\org\apache\maven\maven-model\3.9.6\maven-model-3.9.6.jar;C:\Users\nikit\.m2\repository\org\apache\maven\maven-model-builder\3.9.6\maven-model-builder-3.9.6.jar;C:\Users\nikit\.m2\repository\org\codehaus\plexus\plexus-interpolation\1.26\plexus-interpolation-1.26.jar;C:\Users\nikit\.m2\repository\org\apache\maven\maven-artifact\3.9.6\maven-artifact-3.9.6.jar;C:\Users\nikit\.m2\repository\org\apache\commons\commons-lang3\3.12.0\commons-lang3-3.12.0.jar;C:\Users\nikit\.m2\repository\org\apache\maven\maven-builder-support\3.9.6\maven-builder-support-3.9.6.jar;C:\Users\nikit\.m2\repository\org\eclipse\sisu\org.eclipse.sisu.inject\0.9.0.M2\org.eclipse.sisu.inject-0.9.0.M2.jar;C:\Users\nikit\.m2\repository\org\apache\maven\maven-repository-metadata\3.9.6\maven-repository-metadata-3.9.6.jar;C:\Users\nikit\.m2\repository\org\apache\maven\resolver\maven-resolver-api\1.9.18\maven-resolver-api-1.9.18.jar;C:\Users\nikit\.m2\repository\org\apache\maven\resolver\maven-resolver-spi\1.9.18\maven-resolver-spi-1.9.18.jar;C:\Users\nikit\.m2\repository\org\apache\maven\resolver\maven-resolver-util\1.9.18\maven-resolver-util-1.9.18.jar;C:\Users\nikit\.m2\repository\org\apache\maven\resolver\maven-resolver-impl\1.9.18\maven-resolver-impl-1.9.18.jar;C:\Users\nikit\.m2\repository\org\apache\maven\resolver\maven-resolver-named-locks\1.9.18\maven-resolver-named-locks-1.9.18.jar;C:\Users\nikit\.m2\repository\org\codehaus\plexus\plexus-utils\3.5.1\plexus-utils-3.5.1.jar;C:\Users\nikit\.m2\repository\javax\inject\javax.inject\1\javax.inject-1.jar;C:\Users\nikit\.m2\repository\net\kyori\adventure-api\4.16.0\adventure-api-4.16.0.jar;C:\Users\nikit\.m2\repository\net\kyori\adventure-key\4.16.0\adventure-key-4.16.0.jar;C:\Users\nikit\.m2\repository\net\kyori\examination-api\1.3.0\examination-api-1.3.0.jar;C:\Users\nikit\.m2\repository\net\kyori\examination-string\1.3.0\examination-string-1.3.0.jar;C:\Users\nikit\.m2\repository\net\kyori\adventure-text-minimessage\4.16.0\adventure-text-minimessage-4.16.0.jar;C:\Users\nikit\.m2\repository\net\kyori\adventure-text-serializer-gson\4.16.0\adventure-text-serializer-gson-4.16.0.jar;C:\Users\nikit\.m2\repository\net\kyori\adventure-text-serializer-json\4.16.0\adventure-text-serializer-json-4.16.0.jar;C:\Users\nikit\.m2\repository\net\kyori\option\1.0.0\option-1.0.0.jar;C:\Users\nikit\.m2\repository\net\kyori\adventure-text-serializer-legacy\4.16.0\adventure-text-serializer-legacy-4.16.0.jar;C:\Users\nikit\.m2\repository\net\kyori\adventure-text-serializer-plain\4.16.0\adventure-text-serializer-plain-4.16.0.jar;C:\Users\nikit\.m2\repository\net\kyori\adventure-text-logger-slf4j\4.16.0\adventure-text-logger-slf4j-4.16.0.jar;C:\Users\nikit\.m2\repository\org\checkerframework\checker-qual\3.33.0\checker-qual-3.33.0.jar;C:\Users\nikit\.m2\repository\org\ow2\asm\asm\9.7\asm-9.7.jar;C:\Users\nikit\.m2\repository\org\ow2\asm\asm-commons\9.7\asm-commons-9.7.jar;C:\Users\nikit\.m2\repository\org\ow2\asm\asm-tree\9.7\asm-tree-9.7.jar;C:\Users\nikit\.m2\repository\com\github\MilkBowl\VaultAPI\1.7\VaultAPI-1.7.jar;C:\Users\nikit\.m2\repository\org\bukkit\bukkit\1.13.1-R0.1-SNAPSHOT\bukkit-1.13.1-R0.1-SNAPSHOT.jar;C:\Users\nikit\.m2\repository\commons-lang\commons-lang\2.6\commons-lang-2.6.jar;C:\Users\nikit\IdeaProjects\DailyBet\lib\CoinsEngine-2.3.3.jar;C:\Users\nikit\IdeaProjects\DailyBet\lib\nightcore-2.5.2.jar;C:\Users\nikit\.m2\repository\org\projectlombok\lombok\1.18.32\lombok-1.18.32.jar;C:\Users\nikit\.m2\repository\org\jetbrains\annotations\24.1.0\annotations-24.1.0.jar;C:\Users\nikit\.m2\repository\org\junit\jupiter\junit-jupiter\5.10.1\junit-jupiter-5.10.1.jar;C:\Users\nikit\.m2\repository\org\junit\jupiter\junit-jupiter-api\5.10.1\junit-jupiter-api-5.10.1.jar;C:\Users\nikit\.m2\repository\org\opentest4j\opentest4j\1.3.0\opentest4j-1.3.0.jar;C:\Users\nikit\.m2\repository\org\junit\platform\junit-platform-commons\1.10.1\junit-platform-commons-1.10.1.jar;C:\Users\nikit\.m2\repository\org\apiguardian\apiguardian-api\1.1.2\apiguardian-api-1.1.2.jar;C:\Users\nikit\.m2\repository\org\junit\jupiter\junit-jupiter-params\5.10.1\junit-jupiter-params-5.10.1.jar;C:\Users\nikit\.m2\repository\org\junit\jupiter\junit-jupiter-engine\5.10.1\junit-jupiter-engine-5.10.1.jar;C:\Users\nikit\.m2\repository\org\junit\platform\junit-platform-engine\1.10.1\junit-platform-engine-1.10.1.jar;C:\Users\nikit\.m2\repository\junit\junit\4.10\junit-4.10.jar;C:\Users\nikit\.m2\repository\org\hamcrest\hamcrest-core\1.1\hamcrest-core-1.1.jar;"/>
    <property name="sun.cpu.endian" value="little"/>
    <property name="user.home" value="C:\Users\nikit"/>
    <property name="user.language" value="en"/>
    <property name="java.specification.vendor" value="Oracle Corporation"/>
    <property name="java.version.date" value="2024-01-16"/>
    <property name="java.home" value="C:\Users\nikit\.jdks\corretto-17.0.10"/>
    <property name="file.separator" value="\"/>
    <property name="basedir" value="C:\Users\nikit\IdeaProjects\DailyBet"/>
    <property name="java.vm.compressedOopsMode" value="Zero based"/>
    <property name="line.separator" value="&#10;"/>
    <property name="java.vm.specification.vendor" value="Oracle Corporation"/>
    <property name="java.specification.name" value="Java Platform API Specification"/>
    <property name="surefire.real.class.path" value="C:\Users\nikit\AppData\Local\Temp\surefire14365113845742280395\surefirebooter-20240412185220125_3.jar"/>
    <property name="user.script" value=""/>
    <property name="sun.management.compiler" value="HotSpot 64-Bit Tiered Compilers"/>
    <property name="java.runtime.version" value="17.0.10+7-LTS"/>
    <property name="user.name" value="nikit"/>
    <property name="path.separator" value=";"/>
    <property name="os.version" value="10.0"/>
    <property name="java.runtime.name" value="OpenJDK Runtime Environment"/>
    <property name="file.encoding" value="Cp1252"/>
    <property name="java.vm.name" value="OpenJDK 64-Bit Server VM"/>
    <property name="java.vendor.version" value="Corretto-17.0.10.7.1"/>
    <property name="localRepository" value="C:\Users\nikit\.m2\repository"/>
    <property name="java.vendor.url.bug" value="https://github.com/corretto/corretto-17/issues/"/>
    <property name="java.io.tmpdir" value="C:\Users\nikit\AppData\Local\Temp\"/>
    <property name="idea.version" value="2024.1"/>
    <property name="java.version" value="17.0.10"/>
    <property name="user.dir" value="C:\Users\nikit\IdeaProjects\DailyBet"/>
    <property name="os.arch" value="amd64"/>
    <property name="java.vm.specification.name" value="Java Virtual Machine Specification"/>
    <property name="user.language.format" value="ru"/>
    <property name="sun.os.patch.level" value=""/>
    <property name="native.encoding" value="Cp1252"/>
    <property name="java.library.path" value="C:\Users\nikit\.jdks\corretto-17.0.10\bin;C:\Windows\Sun\Java\bin;C:\Windows\system32;C:\Windows;C:\Program Files\Zulu\zulu-21\bin\;C:\Program Files (x86)\Common Files\Oracle\Java\javapath;C:\Windows\system32;C:\Windows;C:\Windows\System32\Wbem;C:\Windows\System32\WindowsPowerShell\v1.0\;C:\Windows\System32\OpenSSH\;C:\Program Files (x86)\NVIDIA Corporation\PhysX\Common;C:\Program Files\Git\cmd;C:\Program Files\WireGuard\;C:\Program Files\NVIDIA Corporation\NVIDIA App\NvDLISR;C:\Users\nikit\AppData\Local\Programs\Python\Python312\Scripts\;C:\Users\nikit\AppData\Local\Programs\Python\Python312\;C:\Users\nikit\AppData\Local\Microsoft\WindowsApps;C:\Program Files\JetBrains\IntelliJ IDEA Community Edition 2024.1\bin;;C:\Program Files\JetBrains\PyCharm Community Edition 2023.3.2\bin;;C:\Users\nikit\AppData\Local\Programs\Microsoft VS Code\bin;C:\Users\nikit\AppData\Local\GitHubDesktop\bin;."/>
    <property name="java.vm.info" value="mixed mode, sharing"/>
    <property name="java.vendor" value="Amazon.com Inc."/>
    <property name="java.vm.version" value="17.0.10+7-LTS"/>
    <property name="sun.io.unicode.encoding" value="UnicodeLittle"/>
    <property name="java.class.version" value="61.0"/>
  </properties>
  <testcase name="getTimezonedDate" classname="ru.legeu.dailybet.utils.ParseDataTest" time="0.028">
    <system-out><![CDATA[2024-04-12 18:52:00
]]></system-out>
  </testcase>
</testsuite>